<?xml version="1.0" encoding="UTF-8"?>
<testsuite name="com.example.firstspring.service.ArticleServiceTest" tests="5" skipped="0" failures="0" errors="0" timestamp="2023-12-01T02:42:29" hostname="bagcheol-uui-MacBookAir.local" time="0.287">
  <properties/>
  <testcase name="create_intendFail()" classname="com.example.firstspring.service.ArticleServiceTest" time="0.085"/>
  <testcase name="show_success()" classname="com.example.firstspring.service.ArticleServiceTest" time="0.057"/>
  <testcase name="show_intendFail()" classname="com.example.firstspring.service.ArticleServiceTest" time="0.008"/>
  <testcase name="index()" classname="com.example.firstspring.service.ArticleServiceTest" time="0.112"/>
  <testcase name="create_success()" classname="com.example.firstspring.service.ArticleServiceTest" time="0.017"/>
  <system-out><![CDATA[11:42:26.976 [Test worker] DEBUG org.springframework.test.context.BootstrapUtils - Instantiating CacheAwareContextLoaderDelegate from class [org.springframework.test.context.cache.DefaultCacheAwareContextLoaderDelegate]
11:42:26.981 [Test worker] DEBUG org.springframework.test.context.BootstrapUtils - Instantiating BootstrapContext using constructor [public org.springframework.test.context.support.DefaultBootstrapContext(java.lang.Class,org.springframework.test.context.CacheAwareContextLoaderDelegate)]
11:42:26.998 [Test worker] DEBUG org.springframework.test.context.BootstrapUtils - Instantiating TestContextBootstrapper for test class [com.example.firstspring.service.ArticleServiceTest] from class [org.springframework.boot.test.context.SpringBootTestContextBootstrapper]
11:42:27.003 [Test worker] INFO org.springframework.boot.test.context.SpringBootTestContextBootstrapper - Neither @ContextConfiguration nor @ContextHierarchy found for test class [com.example.firstspring.service.ArticleServiceTest], using SpringBootContextLoader
11:42:27.005 [Test worker] DEBUG org.springframework.test.context.support.AbstractContextLoader - Did not detect default resource location for test class [com.example.firstspring.service.ArticleServiceTest]: class path resource [com/example/firstspring/service/ArticleServiceTest-context.xml] does not exist
11:42:27.005 [Test worker] DEBUG org.springframework.test.context.support.AbstractContextLoader - Did not detect default resource location for test class [com.example.firstspring.service.ArticleServiceTest]: class path resource [com/example/firstspring/service/ArticleServiceTestContext.groovy] does not exist
11:42:27.006 [Test worker] INFO org.springframework.test.context.support.AbstractContextLoader - Could not detect default resource locations for test class [com.example.firstspring.service.ArticleServiceTest]: no resource found for suffixes {-context.xml, Context.groovy}.
11:42:27.006 [Test worker] INFO org.springframework.test.context.support.AnnotationConfigContextLoaderUtils - Could not detect default configuration classes for test class [com.example.firstspring.service.ArticleServiceTest]: ArticleServiceTest does not declare any static, non-private, non-final, nested classes annotated with @Configuration.
11:42:27.027 [Test worker] DEBUG org.springframework.test.context.support.ActiveProfilesUtils - Could not find an 'annotation declaring class' for annotation type [org.springframework.test.context.ActiveProfiles] and class [com.example.firstspring.service.ArticleServiceTest]
11:42:27.058 [Test worker] DEBUG org.springframework.context.annotation.ClassPathScanningCandidateComponentProvider - Identified candidate component class: file [/Users/parkchwl/Documents/GitHub/firstspring/build/classes/java/main/com/example/firstspring/FirstspringApplication.class]
11:42:27.059 [Test worker] INFO org.springframework.boot.test.context.SpringBootTestContextBootstrapper - Found @SpringBootConfiguration com.example.firstspring.FirstspringApplication for test class com.example.firstspring.service.ArticleServiceTest
11:42:27.100 [Test worker] DEBUG org.springframework.boot.test.context.SpringBootTestContextBootstrapper - @TestExecutionListeners is not present for class [com.example.firstspring.service.ArticleServiceTest]: using defaults.
11:42:27.100 [Test worker] INFO org.springframework.boot.test.context.SpringBootTestContextBootstrapper - Loaded default TestExecutionListener class names from location [META-INF/spring.factories]: [org.springframework.boot.test.autoconfigure.restdocs.RestDocsTestExecutionListener, org.springframework.boot.test.autoconfigure.web.client.MockRestServiceServerResetTestExecutionListener, org.springframework.boot.test.autoconfigure.web.servlet.MockMvcPrintOnlyOnFailureTestExecutionListener, org.springframework.boot.test.autoconfigure.web.servlet.WebDriverTestExecutionListener, org.springframework.boot.test.autoconfigure.webservices.client.MockWebServiceServerTestExecutionListener, org.springframework.boot.test.mock.mockito.MockitoTestExecutionListener, org.springframework.boot.test.mock.mockito.ResetMocksTestExecutionListener, org.springframework.test.context.web.ServletTestExecutionListener, org.springframework.test.context.support.DirtiesContextBeforeModesTestExecutionListener, org.springframework.test.context.event.ApplicationEventsTestExecutionListener, org.springframework.test.context.support.DependencyInjectionTestExecutionListener, org.springframework.test.context.support.DirtiesContextTestExecutionListener, org.springframework.test.context.transaction.TransactionalTestExecutionListener, org.springframework.test.context.jdbc.SqlScriptsTestExecutionListener, org.springframework.test.context.event.EventPublishingTestExecutionListener]
11:42:27.107 [Test worker] INFO org.springframework.boot.test.context.SpringBootTestContextBootstrapper - Using TestExecutionListeners: [org.springframework.test.context.web.ServletTestExecutionListener@295eaa7c, org.springframework.test.context.support.DirtiesContextBeforeModesTestExecutionListener@3918c187, org.springframework.test.context.event.ApplicationEventsTestExecutionListener@2c88b9fc, org.springframework.boot.test.mock.mockito.MockitoTestExecutionListener@64dafeed, org.springframework.boot.test.autoconfigure.SpringBootDependencyInjectionTestExecutionListener@388ba540, org.springframework.test.context.support.DirtiesContextTestExecutionListener@47605f2f, org.springframework.test.context.transaction.TransactionalTestExecutionListener@2ece4966, org.springframework.test.context.jdbc.SqlScriptsTestExecutionListener@1dd0e7c4, org.springframework.test.context.event.EventPublishingTestExecutionListener@7894f09b, org.springframework.boot.test.autoconfigure.restdocs.RestDocsTestExecutionListener@3d484181, org.springframework.boot.test.autoconfigure.web.client.MockRestServiceServerResetTestExecutionListener@6111ba37, org.springframework.boot.test.autoconfigure.web.servlet.MockMvcPrintOnlyOnFailureTestExecutionListener@7be58f16, org.springframework.boot.test.autoconfigure.web.servlet.WebDriverTestExecutionListener@242aa8d9, org.springframework.boot.test.autoconfigure.webservices.client.MockWebServiceServerTestExecutionListener@5b11a194, org.springframework.boot.test.mock.mockito.ResetMocksTestExecutionListener@37bd68c3]
11:42:27.109 [Test worker] DEBUG org.springframework.test.context.support.AbstractDirtiesContextTestExecutionListener - Before test class: context [DefaultTestContext@1e1d3956 testClass = ArticleServiceTest, testInstance = [null], testMethod = [null], testException = [null], mergedContextConfiguration = [WebMergedContextConfiguration@4f2c9ba6 testClass = ArticleServiceTest, locations = '{}', classes = '{class com.example.firstspring.FirstspringApplication}', contextInitializerClasses = '[]', activeProfiles = '{}', propertySourceLocations = '{}', propertySourceProperties = '{org.springframework.boot.test.context.SpringBootTestContextBootstrapper=true}', contextCustomizers = set[org.springframework.boot.test.autoconfigure.actuate.metrics.MetricsExportContextCustomizerFactory$DisableMetricExportContextCustomizer@1fb669c3, org.springframework.boot.test.autoconfigure.properties.PropertyMappingContextCustomizer@0, org.springframework.boot.test.autoconfigure.web.servlet.WebDriverContextCustomizerFactory$Customizer@6cc558c6, org.springframework.boot.test.context.filter.ExcludeFilterContextCustomizer@7c8c9a05, org.springframework.boot.test.json.DuplicateJsonObjectContextCustomizerFactory$DuplicateJsonObjectContextCustomizer@60129b9a, org.springframework.boot.test.mock.mockito.MockitoContextCustomizer@0, org.springframework.boot.test.web.client.TestRestTemplateContextCustomizer@73cd37c0, org.springframework.boot.test.context.SpringBootTestArgs@1, org.springframework.boot.test.context.SpringBootTestWebEnvironment@2638011], resourceBasePath = 'src/main/webapp', contextLoader = 'org.springframework.boot.test.context.SpringBootContextLoader', parent = [null]], attributes = map['org.springframework.test.context.web.ServletTestExecutionListener.activateListener' -> true]], class annotated with @DirtiesContext [false] with mode [null].

  .   ____          _            __ _ _
 /\\ / ___'_ __ _ _(_)_ __  __ _ \ \ \ \
( ( )\___ | '_ | '_| | '_ \/ _` | \ \ \ \
 \\/  ___)| |_)| | | | | || (_| |  ) ) ) )
  '  |____| .__|_| |_|_| |_\__, | / / / /
 =========|_|==============|___/=/_/_/_/
 :: Spring Boot ::                (v2.6.8)

2023-12-01 11:42:27.423  INFO 37547 --- [    Test worker] c.e.f.service.ArticleServiceTest         : Starting ArticleServiceTest using Java 19.0.2 on bagcheol-uui-MacBookAir.local with PID 37547 (started by parkchwl in /Users/parkchwl/Documents/GitHub/firstspring)
2023-12-01 11:42:27.423  INFO 37547 --- [    Test worker] c.e.f.service.ArticleServiceTest         : No active profile set, falling back to 1 default profile: "default"
2023-12-01 11:42:27.738  INFO 37547 --- [    Test worker] .s.d.r.c.RepositoryConfigurationDelegate : Bootstrapping Spring Data JPA repositories in DEFAULT mode.
2023-12-01 11:42:27.760  INFO 37547 --- [    Test worker] .s.d.r.c.RepositoryConfigurationDelegate : Finished Spring Data repository scanning in 18 ms. Found 1 JPA repository interfaces.
2023-12-01 11:42:28.087  INFO 37547 --- [    Test worker] com.zaxxer.hikari.HikariDataSource       : HikariPool-1 - Starting...
2023-12-01 11:42:28.221  INFO 37547 --- [    Test worker] com.zaxxer.hikari.HikariDataSource       : HikariPool-1 - Start completed.
2023-12-01 11:42:28.261  INFO 37547 --- [    Test worker] o.hibernate.jpa.internal.util.LogHelper  : HHH000204: Processing PersistenceUnitInfo [name: default]
2023-12-01 11:42:28.294  INFO 37547 --- [    Test worker] org.hibernate.Version                    : HHH000412: Hibernate ORM core version 5.6.9.Final
2023-12-01 11:42:28.397  INFO 37547 --- [    Test worker] o.hibernate.annotations.common.Version   : HCANN000001: Hibernate Commons Annotations {5.1.2.Final}
2023-12-01 11:42:28.468  INFO 37547 --- [    Test worker] org.hibernate.dialect.Dialect            : HHH000400: Using dialect: org.hibernate.dialect.H2Dialect
2023-12-01 11:42:28.824 DEBUG 37547 --- [    Test worker] org.hibernate.SQL                        : 
    
    drop table if exists article CASCADE 
2023-12-01 11:42:28.826 DEBUG 37547 --- [    Test worker] org.hibernate.SQL                        : 
    
    create table article (
       id bigint generated by default as identity,
        content varchar(255),
        title varchar(255),
        primary key (id)
    )
2023-12-01 11:42:28.832  INFO 37547 --- [    Test worker] o.h.e.t.j.p.i.JtaPlatformInitiator       : HHH000490: Using JtaPlatform implementation: [org.hibernate.engine.transaction.jta.platform.internal.NoJtaPlatform]
2023-12-01 11:42:28.836  INFO 37547 --- [    Test worker] j.LocalContainerEntityManagerFactoryBean : Initialized JPA EntityManagerFactory for persistence unit 'default'
2023-12-01 11:42:29.185  WARN 37547 --- [    Test worker] JpaBaseConfiguration$JpaWebConfiguration : spring.jpa.open-in-view is enabled by default. Therefore, database queries may be performed during view rendering. Explicitly configure spring.jpa.open-in-view to disable this warning
2023-12-01 11:42:29.373  INFO 37547 --- [    Test worker] o.s.b.a.h2.H2ConsoleAutoConfiguration    : H2 console available at '/h2-console'. Database available at 'jdbc:h2:mem:testdb'
2023-12-01 11:42:29.640  INFO 37547 --- [    Test worker] c.e.f.service.ArticleServiceTest         : Started ArticleServiceTest in 2.514 seconds (JVM running for 3.173)
2023-12-01 11:42:29.666  INFO 37547 --- [    Test worker] o.s.t.c.transaction.TransactionContext   : Began transaction (1) for test context [DefaultTestContext@1e1d3956 testClass = ArticleServiceTest, testInstance = com.example.firstspring.service.ArticleServiceTest@44ec4a38, testMethod = create_intendFail@ArticleServiceTest, testException = [null], mergedContextConfiguration = [WebMergedContextConfiguration@4f2c9ba6 testClass = ArticleServiceTest, locations = '{}', classes = '{class com.example.firstspring.FirstspringApplication}', contextInitializerClasses = '[]', activeProfiles = '{}', propertySourceLocations = '{}', propertySourceProperties = '{org.springframework.boot.test.context.SpringBootTestContextBootstrapper=true}', contextCustomizers = set[org.springframework.boot.test.autoconfigure.actuate.metrics.MetricsExportContextCustomizerFactory$DisableMetricExportContextCustomizer@1fb669c3, org.springframework.boot.test.autoconfigure.properties.PropertyMappingContextCustomizer@0, org.springframework.boot.test.autoconfigure.web.servlet.WebDriverContextCustomizerFactory$Customizer@6cc558c6, org.springframework.boot.test.context.filter.ExcludeFilterContextCustomizer@7c8c9a05, org.springframework.boot.test.json.DuplicateJsonObjectContextCustomizerFactory$DuplicateJsonObjectContextCustomizer@60129b9a, org.springframework.boot.test.mock.mockito.MockitoContextCustomizer@0, org.springframework.boot.test.web.client.TestRestTemplateContextCustomizer@73cd37c0, org.springframework.boot.test.context.SpringBootTestArgs@1, org.springframework.boot.test.context.SpringBootTestWebEnvironment@2638011], resourceBasePath = 'src/main/webapp', contextLoader = 'org.springframework.boot.test.context.SpringBootContextLoader', parent = [null]], attributes = map['org.springframework.test.context.web.ServletTestExecutionListener.activateListener' -> true, 'org.springframework.test.context.web.ServletTestExecutionListener.populatedRequestContextHolder' -> true, 'org.springframework.test.context.web.ServletTestExecutionListener.resetRequestContextHolder' -> true, 'org.springframework.test.context.event.ApplicationEventsTestExecutionListener.recordApplicationEvents' -> false]]; transaction manager [org.springframework.orm.jpa.JpaTransactionManager@3bf4644c]; rollback [true]
2023-12-01 11:42:29.737  INFO 37547 --- [    Test worker] o.s.t.c.transaction.TransactionContext   : Rolled back transaction for test: [DefaultTestContext@1e1d3956 testClass = ArticleServiceTest, testInstance = com.example.firstspring.service.ArticleServiceTest@44ec4a38, testMethod = create_intendFail@ArticleServiceTest, testException = [null], mergedContextConfiguration = [WebMergedContextConfiguration@4f2c9ba6 testClass = ArticleServiceTest, locations = '{}', classes = '{class com.example.firstspring.FirstspringApplication}', contextInitializerClasses = '[]', activeProfiles = '{}', propertySourceLocations = '{}', propertySourceProperties = '{org.springframework.boot.test.context.SpringBootTestContextBootstrapper=true}', contextCustomizers = set[org.springframework.boot.test.autoconfigure.actuate.metrics.MetricsExportContextCustomizerFactory$DisableMetricExportContextCustomizer@1fb669c3, org.springframework.boot.test.autoconfigure.properties.PropertyMappingContextCustomizer@0, org.springframework.boot.test.autoconfigure.web.servlet.WebDriverContextCustomizerFactory$Customizer@6cc558c6, org.springframework.boot.test.context.filter.ExcludeFilterContextCustomizer@7c8c9a05, org.springframework.boot.test.json.DuplicateJsonObjectContextCustomizerFactory$DuplicateJsonObjectContextCustomizer@60129b9a, org.springframework.boot.test.mock.mockito.MockitoContextCustomizer@0, org.springframework.boot.test.web.client.TestRestTemplateContextCustomizer@73cd37c0, org.springframework.boot.test.context.SpringBootTestArgs@1, org.springframework.boot.test.context.SpringBootTestWebEnvironment@2638011], resourceBasePath = 'src/main/webapp', contextLoader = 'org.springframework.boot.test.context.SpringBootContextLoader', parent = [null]], attributes = map['org.springframework.test.context.web.ServletTestExecutionListener.activateListener' -> true, 'org.springframework.test.context.web.ServletTestExecutionListener.populatedRequestContextHolder' -> true, 'org.springframework.test.context.web.ServletTestExecutionListener.resetRequestContextHolder' -> true, 'org.springframework.test.context.event.ApplicationEventsTestExecutionListener.recordApplicationEvents' -> false]]
2023-12-01 11:42:29.769 DEBUG 37547 --- [    Test worker] org.hibernate.SQL                        : 
    select
        article0_.id as id1_0_0_,
        article0_.content as content2_0_0_,
        article0_.title as title3_0_0_ 
    from
        article article0_ 
    where
        article0_.id=?
2023-12-01 11:42:29.781 TRACE 37547 --- [    Test worker] o.h.type.descriptor.sql.BasicBinder      : binding parameter [1] as [BIGINT] - [1]
2023-12-01 11:42:29.806 DEBUG 37547 --- [    Test worker] org.hibernate.SQL                        : 
    select
        article0_.id as id1_0_0_,
        article0_.content as content2_0_0_,
        article0_.title as title3_0_0_ 
    from
        article article0_ 
    where
        article0_.id=?
2023-12-01 11:42:29.808 TRACE 37547 --- [    Test worker] o.h.type.descriptor.sql.BasicBinder      : binding parameter [1] as [BIGINT] - [-1]
2023-12-01 11:42:29.920 DEBUG 37547 --- [    Test worker] org.hibernate.SQL                        : 
    select
        article0_.id as id1_0_,
        article0_.content as content2_0_,
        article0_.title as title3_0_ 
    from
        article article0_
2023-12-01 11:42:29.928  INFO 37547 --- [    Test worker] o.s.t.c.transaction.TransactionContext   : Began transaction (1) for test context [DefaultTestContext@1e1d3956 testClass = ArticleServiceTest, testInstance = com.example.firstspring.service.ArticleServiceTest@5857d723, testMethod = create_success@ArticleServiceTest, testException = [null], mergedContextConfiguration = [WebMergedContextConfiguration@4f2c9ba6 testClass = ArticleServiceTest, locations = '{}', classes = '{class com.example.firstspring.FirstspringApplication}', contextInitializerClasses = '[]', activeProfiles = '{}', propertySourceLocations = '{}', propertySourceProperties = '{org.springframework.boot.test.context.SpringBootTestContextBootstrapper=true}', contextCustomizers = set[org.springframework.boot.test.autoconfigure.actuate.metrics.MetricsExportContextCustomizerFactory$DisableMetricExportContextCustomizer@1fb669c3, org.springframework.boot.test.autoconfigure.properties.PropertyMappingContextCustomizer@0, org.springframework.boot.test.autoconfigure.web.servlet.WebDriverContextCustomizerFactory$Customizer@6cc558c6, org.springframework.boot.test.context.filter.ExcludeFilterContextCustomizer@7c8c9a05, org.springframework.boot.test.json.DuplicateJsonObjectContextCustomizerFactory$DuplicateJsonObjectContextCustomizer@60129b9a, org.springframework.boot.test.mock.mockito.MockitoContextCustomizer@0, org.springframework.boot.test.web.client.TestRestTemplateContextCustomizer@73cd37c0, org.springframework.boot.test.context.SpringBootTestArgs@1, org.springframework.boot.test.context.SpringBootTestWebEnvironment@2638011], resourceBasePath = 'src/main/webapp', contextLoader = 'org.springframework.boot.test.context.SpringBootContextLoader', parent = [null]], attributes = map['org.springframework.test.context.web.ServletTestExecutionListener.activateListener' -> true, 'org.springframework.test.context.web.ServletTestExecutionListener.populatedRequestContextHolder' -> true, 'org.springframework.test.context.web.ServletTestExecutionListener.resetRequestContextHolder' -> true, 'org.springframework.test.context.event.ApplicationEventsTestExecutionListener.recordApplicationEvents' -> false]]; transaction manager [org.springframework.orm.jpa.JpaTransactionManager@3bf4644c]; rollback [true]
2023-12-01 11:42:29.939 DEBUG 37547 --- [    Test worker] org.hibernate.SQL                        : 
    insert 
    into
        article
        (id, content, title) 
    values
        (default, ?, ?)
2023-12-01 11:42:29.940 TRACE 37547 --- [    Test worker] o.h.type.descriptor.sql.BasicBinder      : binding parameter [1] as [VARCHAR] - [4444]
2023-12-01 11:42:29.940 TRACE 37547 --- [    Test worker] o.h.type.descriptor.sql.BasicBinder      : binding parameter [2] as [VARCHAR] - [임시데이터4]
2023-12-01 11:42:29.945  INFO 37547 --- [    Test worker] o.s.t.c.transaction.TransactionContext   : Rolled back transaction for test: [DefaultTestContext@1e1d3956 testClass = ArticleServiceTest, testInstance = com.example.firstspring.service.ArticleServiceTest@5857d723, testMethod = create_success@ArticleServiceTest, testException = [null], mergedContextConfiguration = [WebMergedContextConfiguration@4f2c9ba6 testClass = ArticleServiceTest, locations = '{}', classes = '{class com.example.firstspring.FirstspringApplication}', contextInitializerClasses = '[]', activeProfiles = '{}', propertySourceLocations = '{}', propertySourceProperties = '{org.springframework.boot.test.context.SpringBootTestContextBootstrapper=true}', contextCustomizers = set[org.springframework.boot.test.autoconfigure.actuate.metrics.MetricsExportContextCustomizerFactory$DisableMetricExportContextCustomizer@1fb669c3, org.springframework.boot.test.autoconfigure.properties.PropertyMappingContextCustomizer@0, org.springframework.boot.test.autoconfigure.web.servlet.WebDriverContextCustomizerFactory$Customizer@6cc558c6, org.springframework.boot.test.context.filter.ExcludeFilterContextCustomizer@7c8c9a05, org.springframework.boot.test.json.DuplicateJsonObjectContextCustomizerFactory$DuplicateJsonObjectContextCustomizer@60129b9a, org.springframework.boot.test.mock.mockito.MockitoContextCustomizer@0, org.springframework.boot.test.web.client.TestRestTemplateContextCustomizer@73cd37c0, org.springframework.boot.test.context.SpringBootTestArgs@1, org.springframework.boot.test.context.SpringBootTestWebEnvironment@2638011], resourceBasePath = 'src/main/webapp', contextLoader = 'org.springframework.boot.test.context.SpringBootContextLoader', parent = [null]], attributes = map['org.springframework.test.context.web.ServletTestExecutionListener.activateListener' -> true, 'org.springframework.test.context.web.ServletTestExecutionListener.populatedRequestContextHolder' -> true, 'org.springframework.test.context.web.ServletTestExecutionListener.resetRequestContextHolder' -> true, 'org.springframework.test.context.event.ApplicationEventsTestExecutionListener.recordApplicationEvents' -> false]]
]]></system-out>
  <system-err><![CDATA[]]></system-err>
</testsuite>
